Q-keyboard/build/outputs/logs/manifest-merger-debug-report.txt
-- Merging decision tree log ---
manifest
ADDED from src/main/AndroidManifest.xml:1:1-21:12
INJECTED from src/main/AndroidManifest.xml:1:1-21:12
INJECTED from src/main/AndroidManifest.xml:1:1-21:12
INJECTED from src/main/AndroidManifest.xml:1:1-21:12
INJECTED from src/main/AndroidManifest.xml:1:1-21:12
INJECTED from src/main/AndroidManifest.xml:1:1-21:12
INJECTED from src/main/AndroidManifest.xml:1:1-21:12
	package
		ADDED from src/main/AndroidManifest.xml:3:11-44
		INJECTED from src/main/AndroidManifest.xml
		INJECTED from src/main/AndroidManifest.xml
	android:versionName
		INJECTED from src/main/AndroidManifest.xml
		ADDED from src/main/AndroidManifest.xml:1:1-21:12
		INJECTED from src/main/AndroidManifest.xml
	xmlns:tools
		ADDED from src/main/AndroidManifest.xml:2:11-57
	android:versionCode
		INJECTED from src/main/AndroidManifest.xml
		ADDED from src/main/AndroidManifest.xml:1:1-21:12
		INJECTED from src/main/AndroidManifest.xml
	xmlns:android
		ADDED from src/main/AndroidManifest.xml:1:11-69
application
ADDED from src/main/AndroidManifest.xml:6:5-19:19
	android:label
		ADDED from src/main/AndroidManifest.xml:7:13-45
	tools:ignore
		ADDED from src/main/AndroidManifest.xml:8:13-52
service#com.pqixing.adbkeyboard.AdbIME
ADDED from src/main/AndroidManifest.xml:11:9-18:19
	android:label
		ADDED from src/main/AndroidManifest.xml:12:13-50
	android:permission
		ADDED from src/main/AndroidManifest.xml:13:13-70
	android:name
		ADDED from src/main/AndroidManifest.xml:11:18-63
intent-filter#action:name:android.view.InputMethod
ADDED from src/main/AndroidManifest.xml:14:13-16:29
action#android.view.InputMethod
ADDED from src/main/AndroidManifest.xml:15:17-67
	android:name
		ADDED from src/main/AndroidManifest.xml:15:25-64
meta-data#android.view.im
ADDED from src/main/AndroidManifest.xml:17:13-89
	android:resource
		ADDED from src/main/AndroidManifest.xml:17:55-86
	android:name
		ADDED from src/main/AndroidManifest.xml:17:24-54
uses-sdk
INJECTED from src/main/AndroidManifest.xml reason: use-sdk injection requested
INJECTED from src/main/AndroidManifest.xml
INJECTED from src/main/AndroidManifest.xml
INJECTED from src/main/AndroidManifest.xml
INJECTED from src/main/AndroidManifest.xml
	android:targetSdkVersion
		INJECTED from src/main/AndroidManifest.xml
		ADDED from src/main/AndroidManifest.xml
		INJECTED from src/main/AndroidManifest.xml
	android:minSdkVersion
		INJECTED from src/main/AndroidManifest.xml
		ADDED from src/main/AndroidManifest.xml
		INJECTED from src/main/AndroidManifest.xml